mode: atomic
bitbucket.org/moladinTech/go-lib-common/utils/utils.go:5.32,7.2 1 1
bitbucket.org/moladinTech/go-lib-common/utils/utils.go:9.47,11.16 2 1
bitbucket.org/moladinTech/go-lib-common/utils/utils.go:17.2,17.12 1 1
bitbucket.org/moladinTech/go-lib-common/utils/utils.go:11.16,15.13 1 0
bitbucket.org/moladinTech/go-lib-common/errors/error.go:17.29,28.32 3 3
bitbucket.org/moladinTech/go-lib-common/errors/error.go:35.2,35.16 1 3
bitbucket.org/moladinTech/go-lib-common/errors/error.go:28.32,33.3 3 2
bitbucket.org/moladinTech/go-lib-common/errors/error.go:39.38,41.2 1 1
bitbucket.org/moladinTech/go-lib-common/errors/error.go:43.30,47.22 3 6
bitbucket.org/moladinTech/go-lib-common/errors/error.go:51.2,53.23 2 4
bitbucket.org/moladinTech/go-lib-common/errors/error.go:61.2,61.34 1 4
bitbucket.org/moladinTech/go-lib-common/errors/error.go:47.22,49.3 1 2
bitbucket.org/moladinTech/go-lib-common/errors/error.go:53.23,54.38 1 4
bitbucket.org/moladinTech/go-lib-common/errors/error.go:54.38,56.4 1 1
bitbucket.org/moladinTech/go-lib-common/errors/error.go:56.9,58.4 1 3
bitbucket.org/moladinTech/go-lib-common/errors/error.go:64.37,65.17 1 36
bitbucket.org/moladinTech/go-lib-common/errors/error.go:68.2,68.38 1 36
bitbucket.org/moladinTech/go-lib-common/errors/error.go:71.2,71.40 1 30
bitbucket.org/moladinTech/go-lib-common/errors/error.go:65.17,67.3 1 0
bitbucket.org/moladinTech/go-lib-common/errors/error.go:68.38,70.3 1 6
bitbucket.org/moladinTech/go-lib-common/errors/error.go:74.30,76.2 1 27
bitbucket.org/moladinTech/go-lib-common/errors/error.go:79.32,80.32 1 2
bitbucket.org/moladinTech/go-lib-common/errors/error.go:84.2,84.13 1 1
bitbucket.org/moladinTech/go-lib-common/errors/error.go:80.32,82.3 1 1
bitbucket.org/moladinTech/go-lib-common/errors/error.go:88.55,97.2 2 12
bitbucket.org/moladinTech/go-lib-common/errors/error.go:100.34,101.32 1 18
bitbucket.org/moladinTech/go-lib-common/errors/error.go:105.2,105.13 1 14
bitbucket.org/moladinTech/go-lib-common/errors/error.go:101.32,103.3 1 4
